
> @figma/my-make-file@0.0.1 dev
> vite


  VITE v6.3.5  ready in 329 ms

  ➜  Local:   http://localhost:5173/
  ➜  Network: use --host to expose
13:04:15 [vite] (client) hmr update /src/styles/index.css, /src/app/components/chatbot/ChatbotWidget.tsx
13:06:30 [vite] (client) hmr update /src/app/components/chatbot/ChatbotWidget.tsx, /src/styles/index.css
13:10:05 [vite] (client) hmr update /src/app/components/chatbot/ChatbotWidget.tsx, /src/styles/index.css
13:30:23 [vite] (client) hmr update /src/app/components/chatbot/ChatbotWidget.tsx, /src/styles/index.css
18:31:39 [vite] (client) hmr update /src/app/components/pages/ChatbotPage.tsx, /src/styles/index.css
18:31:45 [vite] (client) hmr update /src/app/components/pages/ChatbotPage.tsx, /src/styles/index.css
18:31:56 [vite] (client) hmr update /src/app/components/pages/ChatbotPage.tsx, /src/styles/index.css
18:32:32 [vite] (client) hmr update /src/styles/index.css, /src/app/components/chatbot/ChatbotWidget.tsx, /src/app/components/pages/ChatbotPage.tsx
18:32:56 [vite] (client) hmr update /src/app/components/chatbot/ChatbotWidget.tsx, /src/styles/index.css
18:33:09 [vite] (client) hmr update /src/app/components/chatbot/ChatbotWidget.tsx, /src/styles/index.css
18:33:27 [vite] (client) hmr update /src/app/components/chatbot/ChatbotWidget.tsx, /src/styles/index.css
18:33:50 [vite] (client) hmr update /src/app/components/pages/ChatbotPage.tsx, /src/styles/index.css
18:34:10 [vite] (client) hmr update /src/app/components/pages/ChatbotPage.tsx, /src/styles/index.css
18:34:34 [vite] (client) hmr update /src/app/components/pages/ChatbotPage.tsx, /src/styles/index.css
18:46:20 [vite] (client) hmr update /src/app/stores/dataStore.tsx, /src/styles/index.css
18:46:20 [vite] (client) hmr invalidate /src/app/stores/dataStore.tsx Could not Fast Refresh (new export)
18:46:20 [vite] (client) hmr update /src/app/App.tsx, /src/styles/index.css, /src/app/components/admin/Dashboard.tsx, /src/app/components/pages/NoticiaDetail.tsx, /src/app/components/admin/FAQManagement.tsx, /src/app/components/admin/DocumentForm.tsx, /src/app/components/admin/DocumentManagement.tsx, /src/app/components/admin/ChatbotManagement.tsx, /src/app/components/pages/sections/DocentesSection.tsx, /src/app/components/pages/sections/NoticiasSection.tsx
18:46:28 [vite] (client) hmr update /src/app/stores/dataStore.tsx, /src/styles/index.css
18:46:28 [vite] (client) hmr invalidate /src/app/stores/dataStore.tsx Could not Fast Refresh ("buildImageUrl" export is incompatible). Learn more at https://github.com/vitejs/vite-plugin-react/tree/main/packages/plugin-react#consistent-components-exports
18:46:28 [vite] (client) hmr update /src/app/App.tsx, /src/styles/index.css, /src/app/components/admin/Dashboard.tsx, /src/app/components/pages/NoticiaDetail.tsx, /src/app/components/admin/FAQManagement.tsx, /src/app/components/admin/DocumentForm.tsx, /src/app/components/admin/DocumentManagement.tsx, /src/app/components/admin/ChatbotManagement.tsx, /src/app/components/pages/sections/DocentesSection.tsx, /src/app/components/pages/sections/NoticiasSection.tsx
18:46:44 [vite] (client) hmr update /src/app/stores/dataStore.tsx, /src/styles/index.css
18:46:44 [vite] (client) hmr invalidate /src/app/stores/dataStore.tsx Could not Fast Refresh ("buildImageUrl" export is incompatible). Learn more at https://github.com/vitejs/vite-plugin-react/tree/main/packages/plugin-react#consistent-components-exports
18:46:44 [vite] (client) hmr update /src/app/App.tsx, /src/styles/index.css, /src/app/components/admin/Dashboard.tsx, /src/app/components/pages/NoticiaDetail.tsx, /src/app/components/admin/FAQManagement.tsx, /src/app/components/admin/DocumentForm.tsx, /src/app/components/admin/DocumentManagement.tsx, /src/app/components/admin/ChatbotManagement.tsx, /src/app/components/pages/sections/DocentesSection.tsx, /src/app/components/pages/sections/NoticiasSection.tsx
18:46:51 [vite] (client) hmr update /src/app/stores/dataStore.tsx, /src/styles/index.css
18:46:51 [vite] (client) hmr invalidate /src/app/stores/dataStore.tsx Could not Fast Refresh ("buildImageUrl" export is incompatible). Learn more at https://github.com/vitejs/vite-plugin-react/tree/main/packages/plugin-react#consistent-components-exports
18:46:51 [vite] (client) hmr update /src/app/App.tsx, /src/styles/index.css, /src/app/components/admin/Dashboard.tsx, /src/app/components/pages/NoticiaDetail.tsx, /src/app/components/admin/FAQManagement.tsx, /src/app/components/admin/DocumentForm.tsx, /src/app/components/admin/DocumentManagement.tsx, /src/app/components/admin/ChatbotManagement.tsx, /src/app/components/pages/sections/DocentesSection.tsx, /src/app/components/pages/sections/NoticiasSection.tsx
18:47:23 [vite] (client) hmr update /src/app/components/pages/Noticias.tsx, /src/styles/index.css
18:47:29 [vite] (client) hmr update /src/app/components/pages/Noticias.tsx, /src/styles/index.css
18:47:36 [vite] (client) hmr update /src/app/components/pages/Noticias.tsx, /src/styles/index.css
18:47:48 [vite] (client) hmr update /src/app/components/admin/NoticiaManagement.tsx, /src/styles/index.css
18:47:54 [vite] (client) hmr update /src/app/components/admin/NoticiaManagement.tsx, /src/styles/index.css
18:48:07 [vite] (client) hmr update /src/app/components/pages/Docentes.tsx, /src/styles/index.css
18:48:13 [vite] (client) hmr update /src/app/components/pages/Docentes.tsx, /src/styles/index.css
18:48:22 [vite] (client) hmr update /src/app/components/admin/DocenteManagement.tsx, /src/styles/index.css
18:48:29 [vite] (client) hmr update /src/app/components/admin/DocenteManagement.tsx, /src/styles/index.css
20:17:47 [vite] (client) hmr update /src/app/stores/dataStore.tsx, /src/styles/index.css
20:17:47 [vite] (client) hmr invalidate /src/app/stores/dataStore.tsx Could not Fast Refresh ("buildImageUrl" export is incompatible). Learn more at https://github.com/vitejs/vite-plugin-react/tree/main/packages/plugin-react#consistent-components-exports
20:17:47 [vite] (client) hmr update /src/app/App.tsx, /src/styles/index.css, /src/app/components/admin/Dashboard.tsx, /src/app/components/pages/NoticiaDetail.tsx, /src/app/components/admin/FAQManagement.tsx, /src/app/components/admin/DocumentForm.tsx, /src/app/components/admin/DocumentManagement.tsx, /src/app/components/admin/ChatbotManagement.tsx, /src/app/components/pages/sections/DocentesSection.tsx, /src/app/components/pages/sections/NoticiasSection.tsx, /src/app/components/pages/Noticias.tsx, /src/app/components/admin/NoticiaManagement.tsx, /src/app/components/pages/Docentes.tsx, /src/app/components/admin/DocenteManagement.tsx
20:18:35 [vite] (client) hmr update /src/app/stores/dataStore.tsx, /src/styles/index.css
20:18:36 [vite] (client) hmr invalidate /src/app/stores/dataStore.tsx Could not Fast Refresh ("buildImageUrl" export is incompatible). Learn more at https://github.com/vitejs/vite-plugin-react/tree/main/packages/plugin-react#consistent-components-exports
20:18:36 [vite] (client) hmr update /src/app/App.tsx, /src/styles/index.css, /src/app/components/admin/Dashboard.tsx, /src/app/components/pages/NoticiaDetail.tsx, /src/app/components/admin/FAQManagement.tsx, /src/app/components/admin/DocumentForm.tsx, /src/app/components/admin/DocumentManagement.tsx, /src/app/components/admin/ChatbotManagement.tsx, /src/app/components/pages/sections/DocentesSection.tsx, /src/app/components/pages/sections/NoticiasSection.tsx, /src/app/components/pages/Noticias.tsx, /src/app/components/admin/NoticiaManagement.tsx, /src/app/components/pages/Docentes.tsx, /src/app/components/admin/DocenteManagement.tsx
20:22:19 [vite] (client) hmr update /src/app/stores/dataStore.tsx, /src/styles/index.css
20:22:20 [vite] (client) hmr invalidate /src/app/stores/dataStore.tsx Could not Fast Refresh (export removed)
20:22:20 [vite] (client) hmr update /src/app/App.tsx, /src/styles/index.css, /src/app/components/admin/Dashboard.tsx, /src/app/components/pages/NoticiaDetail.tsx, /src/app/components/admin/FAQManagement.tsx, /src/app/components/admin/DocumentForm.tsx, /src/app/components/admin/DocumentManagement.tsx, /src/app/components/admin/ChatbotManagement.tsx, /src/app/components/pages/sections/DocentesSection.tsx, /src/app/components/pages/sections/NoticiasSection.tsx, /src/app/components/pages/Noticias.tsx, /src/app/components/admin/NoticiaManagement.tsx, /src/app/components/pages/Docentes.tsx, /src/app/components/admin/DocenteManagement.tsx
20:22:25 [vite] (client) hmr update /src/app/components/pages/Docentes.tsx, /src/styles/index.css
20:22:30 [vite] (client) hmr update /src/app/components/pages/Noticias.tsx, /src/styles/index.css
20:22:37 [vite] (client) hmr update /src/app/components/admin/DocenteManagement.tsx, /src/styles/index.css
20:22:42 [vite] (client) hmr update /src/app/components/admin/NoticiaManagement.tsx, /src/styles/index.css
